<?xml version="1.0" encoding="UTF-8"?>
<!-- Generated by org.testng.reporters.JUnitXMLReporter -->
<testsuite ignored="4" hostname="DESKTOP-EV255OI" failures="0" tests="3" name="Test" time="0.144" errors="0" timestamp="2024-09-26T19:55:48 IST">
  <testcase classname="TestNG.SetPriorityHMLparameter" name="bcp" time="0.032"/>
  <testcase classname="TestNG.SetPriorityHMLparameter" name="fgt" time="0.004"/>
  <testcase classname="TestNG.SetPriorityHMLparameter" name="ggt" time="0.003"/>
  <testcase classname="TestNG.SetPriorityHMLparameter" name="asd" time="0.0">
    <ignored/>
  </testcase> <!-- asd -->
  <testcase classname="TestNG.SetPriorityHMLparameter" name="cgt" time="0.0">
    <ignored/>
  </testcase> <!-- cgt -->
  <testcase classname="TestNG.SetPriorityHMLparameter" name="ejk" time="0.0">
    <ignored/>
  </testcase> <!-- ejk -->
  <testcase classname="TestNG.SetPriorityHMLparameter" name="dgt" time="0.0">
    <ignored/>
  </testcase> <!-- dgt -->
</testsuite> <!-- Test -->
