<?xml version="1.0" encoding="UTF-8"?>
<!-- Generated by org.testng.reporters.JUnitXMLReporter -->
<testsuite ignored="1" hostname="DESKTOP-EV255OI" failures="0" tests="3" name="Test" time="0.129" errors="0" timestamp="2024-10-03T20:32:34 IST">
  <testcase classname="TestNG.priorityHML" name="abc" time="0.027"/>
  <testcase classname="TestNG.priorityHML" name="jkl" time="0.009"/>
  <testcase classname="TestNG.priorityHML" name="xbc" time="0.006"/>
  <testcase classname="TestNG.priorityHML" name="ind" time="0.0">
    <ignored/>
  </testcase> <!-- ind -->
</testsuite> <!-- Test -->
