<?xml version="1.0" encoding="UTF-8"?>
<!-- Generated by org.testng.reporters.JUnitReportReporter -->
<testsuite hostname="DESKTOP-EV255OI" failures="0" tests="4" name="TestNG.Define_Two_Parameter" time="0.035" errors="0" timestamp="2024-09-30T14:33:53 IST" skipped="0">
  <testcase classname="TestNG.Define_Two_Parameter" name="abc" time="0.026"/>
  <system-out/>
  <testcase classname="TestNG.Define_Two_Parameter" name="def" time="0.002"/>
  <system-out/>
  <testcase classname="TestNG.Define_Two_Parameter" name="ghi" time="0.005"/>
  <system-out/>
  <testcase classname="TestNG.Define_Two_Parameter" name="klm" time="0.002"/>
  <system-out/>
</testsuite> <!-- TestNG.Define_Two_Parameter -->
