<?xml version="1.0" encoding="UTF-8"?>
<!-- Generated by org.testng.reporters.JUnitReportReporter -->
<testsuite hostname="DESKTOP-EV255OI" failures="0" tests="3" name="TestNG.SetPriorityHMLparameter" time="0.028" errors="0" timestamp="2024-10-03T20:30:37 IST" skipped="0">
  <testcase classname="TestNG.SetPriorityHMLparameter" name="fgt" time="0.006"/>
  <system-out/>
  <testcase classname="TestNG.SetPriorityHMLparameter" name="bcp" time="0.020"/>
  <system-out/>
  <testcase classname="TestNG.SetPriorityHMLparameter" name="ggt" time="0.002"/>
  <system-out/>
</testsuite> <!-- TestNG.SetPriorityHMLparameter -->
