<?xml version="1.0" encoding="UTF-8"?>
<testng-results ignored="3" total="4" passed="1" failed="0" skipped="0">
  <reporter-output>
  </reporter-output>
  <suite started-at="2024-10-03T20:34:26 IST" name="Default suite" finished-at="2024-10-03T20:34:26 IST" duration-ms="84">
    <groups>
      <group name="low">
        <method signature="priorityHML.abc()[pri:0, instance:TestNG.priorityHML@44ebcd03]" name="abc" class="TestNG.priorityHML"/>
      </group> <!-- low -->
    </groups>
    <test started-at="2024-10-03T20:34:26 IST" name="Default test" finished-at="2024-10-03T20:34:26 IST" duration-ms="84">
      <class name="TestNG.priorityHML">
        <test-method signature="abc()[pri:0, instance:TestNG.priorityHML@44ebcd03]" started-at="2024-10-03T20:34:26 IST" name="abc" finished-at="2024-10-03T20:34:26 IST" duration-ms="19" status="PASS">
          <reporter-output>
          </reporter-output>
        </test-method> <!-- abc -->
      </class> <!-- TestNG.priorityHML -->
    </test> <!-- Default test -->
  </suite> <!-- Default suite -->
</testng-results>
