<?xml version="1.0" encoding="UTF-8"?>
<!-- Generated by org.testng.reporters.JUnitXMLReporter -->
<testsuite ignored="0" hostname="DESKTOP-EV255OI" failures="0" tests="4" name="Practise" time="0.122" errors="0" timestamp="2024-09-25T19:51:27 IST">
  <testcase classname="TestNG.Annaotation" name="function" time="0.011"/>
  <testcase classname="TestNG.Annaotation" name="login" time="0.023"/>
  <testcase classname="TestNG.class_02" name="function" time="0.007"/>
  <testcase classname="TestNG.class_02" name="login" time="0.002"/>
</testsuite> <!-- Practise -->
