<?xml version="1.0" encoding="UTF-8"?>
<!-- Generated by org.testng.reporters.JUnitXMLReporter -->
<testsuite ignored="0" hostname="DESKTOP-EV255OI" failures="0" tests="4" name="Default test" time="0.113" errors="0" timestamp="2024-09-27T19:29:58 IST">
  <testcase classname="TestNG.Define_Two_Parameter" name="abc" time="0.02"/>
  <testcase classname="TestNG.Define_Two_Parameter" name="def" time="0.003"/>
  <testcase classname="TestNG.Define_Two_Parameter" name="ghi" time="0.004"/>
  <testcase classname="TestNG.Define_Two_Parameter" name="klm" time="0.005"/>
</testsuite> <!-- Default test -->
