<?xml version="1.0" encoding="UTF-8"?>
<!-- Generated by org.testng.reporters.JUnitXMLReporter -->
<testsuite ignored="3" hostname="DESKTOP-EV255OI" failures="0" tests="1" name="Default test" time="0.084" errors="0" timestamp="2024-10-03T20:34:26 IST">
  <testcase classname="TestNG.priorityHML" name="abc" time="0.019"/>
  <testcase classname="TestNG.priorityHML" name="xbc" time="0.0">
    <ignored/>
  </testcase> <!-- xbc -->
  <testcase classname="TestNG.priorityHML" name="jkl" time="0.0">
    <ignored/>
  </testcase> <!-- jkl -->
  <testcase classname="TestNG.priorityHML" name="ind" time="0.0">
    <ignored/>
  </testcase> <!-- ind -->
</testsuite> <!-- Default test -->
